2023-08-12 00:05:12,336 - [test_recharge.py-->line:64] - INFO: 用例---充值成功---执行通过
2023-08-12 00:05:12,389 - [test_recharge.py-->line:66] - ERROR: 用例---充值金额为负数---执行失败
2023-08-12 00:05:12,571 - [test_recharge.py-->line:66] - ERROR: 用例---充值金额为小数2位---执行失败
2023-08-12 00:05:12,640 - [test_recharge.py-->line:64] - INFO: 用例---充值金额为小数3位---执行通过
2023-08-12 00:05:12,750 - [test_recharge.py-->line:66] - ERROR: 用例---充值金额为0---执行失败
2023-08-12 00:05:12,887 - [test_recharge.py-->line:66] - ERROR: 用例---充值金额为字符串---执行失败
2023-08-12 00:05:12,936 - [test_recharge.py-->line:66] - ERROR: 用例---充值金额为空---执行失败
2023-08-12 00:05:13,071 - [test_recharge.py-->line:64] - INFO: 用例---充值金额等于50万---执行通过
2023-08-12 00:05:13,116 - [test_recharge.py-->line:66] - ERROR: 用例---充值金额大于50万---执行失败
2023-08-12 00:05:13,175 - [test_recharge.py-->line:66] - ERROR: 用例---用户id为空---执行失败
2023-08-12 00:05:13,311 - [test_recharge.py-->line:66] - ERROR: 用例---用户id为字符串---执行失败
2023-08-12 00:07:25,958 - [test_recharge.py-->line:65] - INFO: 用例---充值成功---执行通过
2023-08-12 00:07:26,109 - [test_recharge.py-->line:67] - ERROR: 用例---充值金额为负数---执行失败
2023-08-12 00:07:26,247 - [test_recharge.py-->line:67] - ERROR: 用例---充值金额为小数2位---执行失败
2023-08-12 00:07:26,314 - [test_recharge.py-->line:65] - INFO: 用例---充值金额为小数3位---执行通过
2023-08-12 00:07:26,372 - [test_recharge.py-->line:67] - ERROR: 用例---充值金额为0---执行失败
2023-08-12 00:07:26,524 - [test_recharge.py-->line:67] - ERROR: 用例---充值金额为字符串---执行失败
2023-08-12 00:07:26,569 - [test_recharge.py-->line:67] - ERROR: 用例---充值金额为空---执行失败
2023-08-12 00:07:26,725 - [test_recharge.py-->line:65] - INFO: 用例---充值金额等于50万---执行通过
2023-08-12 00:07:26,796 - [test_recharge.py-->line:67] - ERROR: 用例---充值金额大于50万---执行失败
2023-08-12 00:07:26,868 - [test_recharge.py-->line:67] - ERROR: 用例---用户id为空---执行失败
2023-08-12 00:07:27,014 - [test_recharge.py-->line:67] - ERROR: 用例---用户id为字符串---执行失败
2023-08-12 00:07:49,712 - [test_recharge.py-->line:65] - INFO: 用例---充值成功---执行通过
2023-08-12 00:07:49,782 - [test_recharge.py-->line:67] - ERROR: 用例---充值金额为负数---执行失败
2023-08-12 00:07:49,918 - [test_recharge.py-->line:65] - INFO: 用例---充值金额为小数2位---执行通过
2023-08-12 00:07:49,987 - [test_recharge.py-->line:65] - INFO: 用例---充值金额为小数3位---执行通过
2023-08-12 00:07:50,051 - [test_recharge.py-->line:67] - ERROR: 用例---充值金额为0---执行失败
2023-08-12 00:07:50,185 - [test_recharge.py-->line:67] - ERROR: 用例---充值金额为字符串---执行失败
2023-08-12 00:07:50,241 - [test_recharge.py-->line:67] - ERROR: 用例---充值金额为空---执行失败
2023-08-12 00:07:50,360 - [test_recharge.py-->line:65] - INFO: 用例---充值金额等于50万---执行通过
2023-08-12 00:07:50,416 - [test_recharge.py-->line:67] - ERROR: 用例---充值金额大于50万---执行失败
2023-08-12 00:07:50,486 - [test_recharge.py-->line:67] - ERROR: 用例---用户id为空---执行失败
2023-08-12 00:07:50,612 - [test_recharge.py-->line:65] - INFO: 用例---用户id为字符串---执行通过
2023-08-12 00:08:07,198 - [test_login.py-->line:55] - INFO: 用例---登录成功---执行通过
2023-08-12 00:08:07,264 - [test_login.py-->line:55] - INFO: 用例---密码为空---执行通过
2023-08-12 00:08:07,316 - [test_login.py-->line:55] - INFO: 用例---账号为空---执行通过
2023-08-12 00:08:07,400 - [test_login.py-->line:55] - INFO: 用例---密码错误---执行通过
2023-08-12 00:08:07,586 - [test_login.py-->line:55] - INFO: 用例---账号错误---执行通过
2023-08-12 00:08:07,637 - [test_login.py-->line:55] - INFO: 用例---手机号和密码都为空---执行通过
2023-08-12 00:08:07,747 - [test_login.py-->line:51] - ERROR: 用例---手机号为数值类型---执行不通过
2023-08-12 00:08:07,918 - [test_login.py-->line:51] - ERROR: 用例---密码为数值类型---执行不通过
2023-08-12 00:08:08,182 - [test_recharge.py-->line:65] - INFO: 用例---充值成功---执行通过
2023-08-12 00:08:08,256 - [test_recharge.py-->line:67] - ERROR: 用例---充值金额为负数---执行失败
2023-08-12 00:08:08,407 - [test_recharge.py-->line:65] - INFO: 用例---充值金额为小数2位---执行通过
2023-08-12 00:08:08,469 - [test_recharge.py-->line:65] - INFO: 用例---充值金额为小数3位---执行通过
2023-08-12 00:08:08,532 - [test_recharge.py-->line:67] - ERROR: 用例---充值金额为0---执行失败
2023-08-12 00:08:08,681 - [test_recharge.py-->line:67] - ERROR: 用例---充值金额为字符串---执行失败
2023-08-12 00:08:08,743 - [test_recharge.py-->line:67] - ERROR: 用例---充值金额为空---执行失败
2023-08-12 00:08:08,903 - [test_recharge.py-->line:65] - INFO: 用例---充值金额等于50万---执行通过
2023-08-12 00:08:08,963 - [test_recharge.py-->line:67] - ERROR: 用例---充值金额大于50万---执行失败
2023-08-12 00:08:09,010 - [test_recharge.py-->line:67] - ERROR: 用例---用户id为空---执行失败
2023-08-12 00:08:09,153 - [test_recharge.py-->line:65] - INFO: 用例---用户id为字符串---执行通过
2023-08-12 00:08:09,436 - [test_register.py-->line:62] - INFO: 用例---注册成功---执行通过
2023-08-12 00:08:09,585 - [test_register.py-->line:62] - INFO: 用例---密码小于8位数---执行通过
2023-08-12 00:08:09,868 - [test_register.py-->line:62] - INFO: 用例---密码8位数---执行通过
2023-08-12 00:08:10,146 - [test_register.py-->line:62] - INFO: 用例---密码16位数---执行通过
2023-08-12 00:08:10,294 - [test_register.py-->line:62] - INFO: 用例---密码17位数---执行通过
2023-08-12 00:08:10,435 - [test_register.py-->line:62] - INFO: 用例---密码为空---执行通过
2023-08-12 00:08:10,627 - [test_register.py-->line:64] - ERROR: 用例---密码为数值类型---执行失败
2023-08-12 00:08:10,679 - [test_register.py-->line:62] - INFO: 用例---手机号码为空---执行通过
2023-08-12 00:08:10,738 - [test_register.py-->line:62] - INFO: 用例---手机号码12位数---执行通过
2023-08-12 00:08:10,793 - [test_register.py-->line:62] - INFO: 用例---手机号为非数字---执行通过
2023-08-12 00:08:10,848 - [test_register.py-->line:62] - INFO: 用例---手机号9位数字---执行通过
2023-08-12 00:08:10,945 - [test_register.py-->line:62] - INFO: 用例---手机号已注册---执行通过
2023-08-12 00:08:11,240 - [test_register.py-->line:62] - INFO: 用例---类型为0---执行通过
2023-08-12 00:08:11,520 - [test_register.py-->line:62] - INFO: 用例---类型为1---执行通过
2023-08-12 00:08:11,784 - [test_register.py-->line:62] - INFO: 用例---类型为空---执行通过
2023-08-12 00:08:11,972 - [test_register.py-->line:64] - ERROR: 用例---类型为字符串---执行失败
2023-08-12 00:08:12,264 - [test_register.py-->line:62] - INFO: 用例---注册名为空---执行通过
2023-08-12 00:08:12,465 - [test_register.py-->line:64] - ERROR: 用例---注册名数值类型---执行失败
2023-08-12 00:08:12,740 - [test_register.py-->line:62] - INFO: 用例---注册名为9位---执行通过
2023-08-12 00:08:13,011 - [test_register.py-->line:62] - INFO: 用例---注册名为10位---执行通过
2023-08-12 00:08:13,169 - [test_register.py-->line:62] - INFO: 用例---注册名为11位---执行通过
2023-08-12 00:08:13,417 - [test_withdraw.py-->line:72] - INFO: 用例---提现金额小于余额---执行通过
2023-08-12 00:08:13,568 - [test_withdraw.py-->line:72] - INFO: 用例---提现金额为小数后两位---执行通过
2023-08-12 00:08:13,636 - [test_withdraw.py-->line:74] - ERROR: 用例---提现金额为0---执行失败
2023-08-12 00:08:13,729 - [test_withdraw.py-->line:74] - ERROR: 用例---提现金额为负数---执行失败
2023-08-12 00:08:13,778 - [test_withdraw.py-->line:74] - ERROR: 用例---提现金额大于50万---执行失败
2023-08-12 00:08:13,837 - [test_withdraw.py-->line:72] - INFO: 用例---提现金额大于余额---执行通过
2023-08-12 00:11:33,908 - [test_login.py-->line:55] - INFO: 用例---登录成功---执行通过
2023-08-12 00:11:33,950 - [test_login.py-->line:55] - INFO: 用例---密码为空---执行通过
2023-08-12 00:11:33,998 - [test_login.py-->line:55] - INFO: 用例---账号为空---执行通过
2023-08-12 00:11:34,096 - [test_login.py-->line:55] - INFO: 用例---密码错误---执行通过
2023-08-12 00:11:34,283 - [test_login.py-->line:55] - INFO: 用例---账号错误---执行通过
2023-08-12 00:11:34,347 - [test_login.py-->line:55] - INFO: 用例---手机号和密码都为空---执行通过
2023-08-12 00:11:34,446 - [test_login.py-->line:51] - ERROR: 用例---手机号为数值类型---执行不通过
2023-08-12 00:11:34,538 - [test_login.py-->line:51] - ERROR: 用例---密码为数值类型---执行不通过
2023-08-12 00:11:34,776 - [test_recharge.py-->line:67] - INFO: 用例---充值成功---执行通过
2023-08-12 00:11:34,831 - [test_recharge.py-->line:69] - ERROR: 用例---充值金额为负数---执行失败
2023-08-12 00:11:34,981 - [test_recharge.py-->line:67] - INFO: 用例---充值金额为小数2位---执行通过
2023-08-12 00:11:35,045 - [test_recharge.py-->line:67] - INFO: 用例---充值金额为小数3位---执行通过
2023-08-12 00:11:35,112 - [test_recharge.py-->line:69] - ERROR: 用例---充值金额为0---执行失败
2023-08-12 00:11:35,264 - [test_recharge.py-->line:69] - ERROR: 用例---充值金额为字符串---执行失败
2023-08-12 00:11:35,316 - [test_recharge.py-->line:69] - ERROR: 用例---充值金额为空---执行失败
2023-08-12 00:11:35,458 - [test_recharge.py-->line:67] - INFO: 用例---充值金额等于50万---执行通过
2023-08-12 00:11:35,510 - [test_recharge.py-->line:69] - ERROR: 用例---充值金额大于50万---执行失败
2023-08-12 00:11:35,578 - [test_recharge.py-->line:69] - ERROR: 用例---用户id为空---执行失败
2023-08-12 00:11:35,728 - [test_recharge.py-->line:67] - INFO: 用例---用户id为字符串---执行通过
2023-08-12 00:11:36,015 - [test_register.py-->line:62] - INFO: 用例---注册成功---执行通过
2023-08-12 00:11:36,159 - [test_register.py-->line:62] - INFO: 用例---密码小于8位数---执行通过
2023-08-12 00:11:36,431 - [test_register.py-->line:62] - INFO: 用例---密码8位数---执行通过
2023-08-12 00:11:36,729 - [test_register.py-->line:62] - INFO: 用例---密码16位数---执行通过
2023-08-12 00:11:36,879 - [test_register.py-->line:62] - INFO: 用例---密码17位数---执行通过
2023-08-12 00:11:37,049 - [test_register.py-->line:62] - INFO: 用例---密码为空---执行通过
2023-08-12 00:11:37,267 - [test_register.py-->line:64] - ERROR: 用例---密码为数值类型---执行失败
2023-08-12 00:11:37,332 - [test_register.py-->line:62] - INFO: 用例---手机号码为空---执行通过
2023-08-12 00:11:37,400 - [test_register.py-->line:62] - INFO: 用例---手机号码12位数---执行通过
2023-08-12 00:11:37,466 - [test_register.py-->line:62] - INFO: 用例---手机号为非数字---执行通过
2023-08-12 00:11:37,522 - [test_register.py-->line:62] - INFO: 用例---手机号9位数字---执行通过
2023-08-12 00:11:37,612 - [test_register.py-->line:62] - INFO: 用例---手机号已注册---执行通过
2023-08-12 00:11:37,898 - [test_register.py-->line:62] - INFO: 用例---类型为0---执行通过
2023-08-12 00:11:38,184 - [test_register.py-->line:62] - INFO: 用例---类型为1---执行通过
2023-08-12 00:11:38,470 - [test_register.py-->line:62] - INFO: 用例---类型为空---执行通过
2023-08-12 00:11:38,657 - [test_register.py-->line:64] - ERROR: 用例---类型为字符串---执行失败
2023-08-12 00:11:38,950 - [test_register.py-->line:62] - INFO: 用例---注册名为空---执行通过
2023-08-12 00:11:39,147 - [test_register.py-->line:64] - ERROR: 用例---注册名数值类型---执行失败
2023-08-12 00:11:39,430 - [test_register.py-->line:62] - INFO: 用例---注册名为9位---执行通过
2023-08-12 00:11:39,717 - [test_register.py-->line:62] - INFO: 用例---注册名为10位---执行通过
2023-08-12 00:11:39,871 - [test_register.py-->line:62] - INFO: 用例---注册名为11位---执行通过
2023-08-12 00:11:40,126 - [test_withdraw.py-->line:72] - INFO: 用例---提现金额小于余额---执行通过
2023-08-12 00:11:40,278 - [test_withdraw.py-->line:72] - INFO: 用例---提现金额为小数后两位---执行通过
2023-08-12 00:11:40,343 - [test_withdraw.py-->line:74] - ERROR: 用例---提现金额为0---执行失败
2023-08-12 00:11:40,429 - [test_withdraw.py-->line:74] - ERROR: 用例---提现金额为负数---执行失败
2023-08-12 00:11:40,508 - [test_withdraw.py-->line:74] - ERROR: 用例---提现金额大于50万---执行失败
2023-08-12 00:11:40,559 - [test_withdraw.py-->line:72] - INFO: 用例---提现金额大于余额---执行通过
2023-08-12 00:15:58,779 - [test_recharge.py-->line:67] - INFO: 用例---充值成功---执行通过
2023-08-12 00:15:58,843 - [test_recharge.py-->line:69] - ERROR: 用例---充值金额为负数---执行失败
2023-08-12 00:15:59,005 - [test_recharge.py-->line:67] - INFO: 用例---充值金额为小数2位---执行通过
2023-08-12 00:15:59,072 - [test_recharge.py-->line:67] - INFO: 用例---充值金额为小数3位---执行通过
2023-08-12 00:15:59,127 - [test_recharge.py-->line:69] - ERROR: 用例---充值金额为0---执行失败
2023-08-12 00:15:59,267 - [test_recharge.py-->line:67] - INFO: 用例---充值金额为字符串---执行通过
2023-08-12 00:15:59,328 - [test_recharge.py-->line:69] - ERROR: 用例---充值金额为空---执行失败
2023-08-12 00:15:59,471 - [test_recharge.py-->line:67] - INFO: 用例---充值金额等于50万---执行通过
2023-08-12 00:15:59,522 - [test_recharge.py-->line:69] - ERROR: 用例---充值金额大于50万---执行失败
2023-08-12 00:15:59,593 - [test_recharge.py-->line:69] - ERROR: 用例---用户id为空---执行失败
2023-08-12 00:15:59,731 - [test_recharge.py-->line:67] - INFO: 用例---用户id为字符串---执行通过
2023-08-12 00:16:44,466 - [test_login.py-->line:55] - INFO: 用例---登录成功---执行通过
2023-08-12 00:16:44,528 - [test_login.py-->line:55] - INFO: 用例---密码为空---执行通过
2023-08-12 00:16:44,590 - [test_login.py-->line:55] - INFO: 用例---账号为空---执行通过
2023-08-12 00:16:44,703 - [test_login.py-->line:55] - INFO: 用例---密码错误---执行通过
2023-08-12 00:16:44,906 - [test_login.py-->line:55] - INFO: 用例---账号错误---执行通过
2023-08-12 00:16:44,963 - [test_login.py-->line:55] - INFO: 用例---手机号和密码都为空---执行通过
2023-08-12 00:16:45,069 - [test_login.py-->line:51] - ERROR: 用例---手机号为数值类型---执行不通过
2023-08-12 00:16:45,178 - [test_login.py-->line:51] - ERROR: 用例---密码为数值类型---执行不通过
2023-08-12 00:16:45,394 - [test_recharge.py-->line:67] - INFO: 用例---充值成功---执行通过
2023-08-12 00:16:45,460 - [test_recharge.py-->line:69] - ERROR: 用例---充值金额为负数---执行失败
2023-08-12 00:16:45,608 - [test_recharge.py-->line:67] - INFO: 用例---充值金额为小数2位---执行通过
2023-08-12 00:16:45,680 - [test_recharge.py-->line:67] - INFO: 用例---充值金额为小数3位---执行通过
2023-08-12 00:16:45,746 - [test_recharge.py-->line:69] - ERROR: 用例---充值金额为0---执行失败
2023-08-12 00:16:45,892 - [test_recharge.py-->line:67] - INFO: 用例---充值金额为字符串---执行通过
2023-08-12 00:16:45,947 - [test_recharge.py-->line:69] - ERROR: 用例---充值金额为空---执行失败
2023-08-12 00:16:46,074 - [test_recharge.py-->line:67] - INFO: 用例---充值金额等于50万---执行通过
2023-08-12 00:16:46,130 - [test_recharge.py-->line:69] - ERROR: 用例---充值金额大于50万---执行失败
2023-08-12 00:16:46,210 - [test_recharge.py-->line:69] - ERROR: 用例---用户id为空---执行失败
2023-08-12 00:16:46,330 - [test_recharge.py-->line:67] - INFO: 用例---用户id为字符串---执行通过
2023-08-12 00:16:46,588 - [test_register.py-->line:62] - INFO: 用例---注册成功---执行通过
2023-08-12 00:16:46,700 - [test_register.py-->line:62] - INFO: 用例---密码小于8位数---执行通过
2023-08-12 00:16:46,938 - [test_register.py-->line:62] - INFO: 用例---密码8位数---执行通过
2023-08-12 00:16:47,194 - [test_register.py-->line:62] - INFO: 用例---密码16位数---执行通过
2023-08-12 00:16:47,328 - [test_register.py-->line:62] - INFO: 用例---密码17位数---执行通过
2023-08-12 00:16:47,492 - [test_register.py-->line:62] - INFO: 用例---密码为空---执行通过
2023-08-12 00:16:47,686 - [test_register.py-->line:64] - ERROR: 用例---密码为数值类型---执行失败
2023-08-12 00:16:47,776 - [test_register.py-->line:62] - INFO: 用例---手机号码为空---执行通过
2023-08-12 00:16:47,828 - [test_register.py-->line:62] - INFO: 用例---手机号码12位数---执行通过
2023-08-12 00:16:47,899 - [test_register.py-->line:62] - INFO: 用例---手机号为非数字---执行通过
2023-08-12 00:16:47,945 - [test_register.py-->line:62] - INFO: 用例---手机号9位数字---执行通过
2023-08-12 00:16:48,040 - [test_register.py-->line:62] - INFO: 用例---手机号已注册---执行通过
2023-08-12 00:16:48,296 - [test_register.py-->line:62] - INFO: 用例---类型为0---执行通过
2023-08-12 00:16:48,547 - [test_register.py-->line:62] - INFO: 用例---类型为1---执行通过
2023-08-12 00:16:48,813 - [test_register.py-->line:62] - INFO: 用例---类型为空---执行通过
2023-08-12 00:16:49,000 - [test_register.py-->line:64] - ERROR: 用例---类型为字符串---执行失败
2023-08-12 00:16:49,281 - [test_register.py-->line:62] - INFO: 用例---注册名为空---执行通过
2023-08-12 00:16:49,457 - [test_register.py-->line:64] - ERROR: 用例---注册名数值类型---执行失败
2023-08-12 00:16:49,732 - [test_register.py-->line:62] - INFO: 用例---注册名为9位---执行通过
2023-08-12 00:16:50,004 - [test_register.py-->line:62] - INFO: 用例---注册名为10位---执行通过
2023-08-12 00:16:50,128 - [test_register.py-->line:62] - INFO: 用例---注册名为11位---执行通过
2023-08-12 00:16:50,340 - [test_withdraw.py-->line:72] - INFO: 用例---提现金额小于余额---执行通过
2023-08-12 00:16:50,475 - [test_withdraw.py-->line:72] - INFO: 用例---提现金额为小数后两位---执行通过
2023-08-12 00:16:50,533 - [test_withdraw.py-->line:74] - ERROR: 用例---提现金额为0---执行失败
2023-08-12 00:16:50,603 - [test_withdraw.py-->line:74] - ERROR: 用例---提现金额为负数---执行失败
2023-08-12 00:16:50,677 - [test_withdraw.py-->line:74] - ERROR: 用例---提现金额大于50万---执行失败
2023-08-12 00:16:50,733 - [test_withdraw.py-->line:72] - INFO: 用例---提现金额大于余额---执行通过
2023-08-12 00:18:17,621 - [test_login.py-->line:55] - INFO: 用例---登录成功---执行通过
2023-08-12 00:18:17,673 - [test_login.py-->line:55] - INFO: 用例---密码为空---执行通过
2023-08-12 00:18:17,716 - [test_login.py-->line:55] - INFO: 用例---账号为空---执行通过
2023-08-12 00:18:17,821 - [test_login.py-->line:55] - INFO: 用例---密码错误---执行通过
2023-08-12 00:18:18,047 - [test_login.py-->line:55] - INFO: 用例---账号错误---执行通过
2023-08-12 00:18:18,105 - [test_login.py-->line:55] - INFO: 用例---手机号和密码都为空---执行通过
2023-08-12 00:18:18,201 - [test_login.py-->line:51] - ERROR: 用例---手机号为数值类型---执行不通过
2023-08-12 00:18:18,298 - [test_login.py-->line:51] - ERROR: 用例---密码为数值类型---执行不通过
2023-08-12 00:18:18,577 - [test_recharge.py-->line:67] - INFO: 用例---充值成功---执行通过
2023-08-12 00:18:18,634 - [test_recharge.py-->line:69] - ERROR: 用例---充值金额为负数---执行失败
2023-08-12 00:18:18,812 - [test_recharge.py-->line:67] - INFO: 用例---充值金额为小数2位---执行通过
2023-08-12 00:18:18,867 - [test_recharge.py-->line:67] - INFO: 用例---充值金额为小数3位---执行通过
2023-08-12 00:18:18,922 - [test_recharge.py-->line:69] - ERROR: 用例---充值金额为0---执行失败
2023-08-12 00:18:19,065 - [test_recharge.py-->line:67] - INFO: 用例---充值金额为字符串---执行通过
2023-08-12 00:18:19,116 - [test_recharge.py-->line:69] - ERROR: 用例---充值金额为空---执行失败
2023-08-12 00:18:19,287 - [test_recharge.py-->line:67] - INFO: 用例---充值金额等于50万---执行通过
2023-08-12 00:18:19,351 - [test_recharge.py-->line:69] - ERROR: 用例---充值金额大于50万---执行失败
2023-08-12 00:18:19,537 - [test_recharge.py-->line:67] - INFO: 用例---用户id为字符串---执行通过
2023-08-12 00:18:19,823 - [test_register.py-->line:62] - INFO: 用例---注册成功---执行通过
2023-08-12 00:18:19,979 - [test_register.py-->line:62] - INFO: 用例---密码小于8位数---执行通过
2023-08-12 00:18:20,252 - [test_register.py-->line:62] - INFO: 用例---密码8位数---执行通过
2023-08-12 00:18:20,526 - [test_register.py-->line:62] - INFO: 用例---密码16位数---执行通过
2023-08-12 00:18:20,667 - [test_register.py-->line:62] - INFO: 用例---密码17位数---执行通过
2023-08-12 00:18:20,824 - [test_register.py-->line:62] - INFO: 用例---密码为空---执行通过
2023-08-12 00:18:21,011 - [test_register.py-->line:64] - ERROR: 用例---密码为数值类型---执行失败
2023-08-12 00:18:21,078 - [test_register.py-->line:62] - INFO: 用例---手机号码为空---执行通过
2023-08-12 00:18:21,121 - [test_register.py-->line:62] - INFO: 用例---手机号码12位数---执行通过
2023-08-12 00:18:21,175 - [test_register.py-->line:62] - INFO: 用例---手机号为非数字---执行通过
2023-08-12 00:18:21,231 - [test_register.py-->line:62] - INFO: 用例---手机号9位数字---执行通过
2023-08-12 00:18:21,314 - [test_register.py-->line:62] - INFO: 用例---手机号已注册---执行通过
2023-08-12 00:18:21,601 - [test_register.py-->line:62] - INFO: 用例---类型为0---执行通过
2023-08-12 00:18:21,879 - [test_register.py-->line:62] - INFO: 用例---类型为1---执行通过
2023-08-12 00:18:22,162 - [test_register.py-->line:62] - INFO: 用例---类型为空---执行通过
2023-08-12 00:18:22,330 - [test_register.py-->line:64] - ERROR: 用例---类型为字符串---执行失败
2023-08-12 00:18:22,595 - [test_register.py-->line:62] - INFO: 用例---注册名为空---执行通过
2023-08-12 00:18:22,777 - [test_register.py-->line:64] - ERROR: 用例---注册名数值类型---执行失败
2023-08-12 00:18:23,066 - [test_register.py-->line:62] - INFO: 用例---注册名为9位---执行通过
2023-08-12 00:18:23,343 - [test_register.py-->line:62] - INFO: 用例---注册名为10位---执行通过
2023-08-12 00:18:23,504 - [test_register.py-->line:62] - INFO: 用例---注册名为11位---执行通过
2023-08-12 00:18:23,786 - [test_withdraw.py-->line:72] - INFO: 用例---提现金额小于余额---执行通过
2023-08-12 00:18:23,964 - [test_withdraw.py-->line:72] - INFO: 用例---提现金额为小数后两位---执行通过
2023-08-12 00:18:24,044 - [test_withdraw.py-->line:74] - ERROR: 用例---提现金额为0---执行失败
2023-08-12 00:18:24,116 - [test_withdraw.py-->line:74] - ERROR: 用例---提现金额为负数---执行失败
2023-08-12 00:18:24,172 - [test_withdraw.py-->line:74] - ERROR: 用例---提现金额大于50万---执行失败
2023-08-12 00:18:24,229 - [test_withdraw.py-->line:72] - INFO: 用例---提现金额大于余额---执行通过
2023-08-12 00:21:11,796 - [test_recharge.py-->line:68] - INFO: 用例---充值成功---执行通过
2023-08-12 00:21:11,861 - [test_recharge.py-->line:70] - ERROR: 用例---充值金额为负数---执行失败
2023-08-12 00:21:12,015 - [test_recharge.py-->line:68] - INFO: 用例---充值金额为小数2位---执行通过
2023-08-12 00:21:12,079 - [test_recharge.py-->line:68] - INFO: 用例---充值金额为小数3位---执行通过
2023-08-12 00:21:12,137 - [test_recharge.py-->line:70] - ERROR: 用例---充值金额为0---执行失败
2023-08-12 00:21:12,284 - [test_recharge.py-->line:68] - INFO: 用例---充值金额为字符串---执行通过
2023-08-12 00:21:12,354 - [test_recharge.py-->line:70] - ERROR: 用例---充值金额为空---执行失败
2023-08-12 00:21:12,494 - [test_recharge.py-->line:68] - INFO: 用例---充值金额等于50万---执行通过
2023-08-12 00:21:12,558 - [test_recharge.py-->line:70] - ERROR: 用例---充值金额大于50万---执行失败
2023-08-12 00:21:12,613 - [test_recharge.py-->line:70] - ERROR: 用例---用户id为空---执行失败
2023-08-12 00:21:12,741 - [test_recharge.py-->line:68] - INFO: 用例---用户id为字符串---执行通过
2023-08-12 00:22:19,319 - [test_login.py-->line:55] - INFO: 用例---登录成功---执行通过
2023-08-12 00:22:19,370 - [test_login.py-->line:55] - INFO: 用例---密码为空---执行通过
2023-08-12 00:22:19,414 - [test_login.py-->line:55] - INFO: 用例---账号为空---执行通过
2023-08-12 00:22:19,514 - [test_login.py-->line:55] - INFO: 用例---密码错误---执行通过
2023-08-12 00:22:19,696 - [test_login.py-->line:55] - INFO: 用例---账号错误---执行通过
2023-08-12 00:22:19,751 - [test_login.py-->line:55] - INFO: 用例---手机号和密码都为空---执行通过
2023-08-12 00:22:19,846 - [test_login.py-->line:51] - ERROR: 用例---手机号为数值类型---执行不通过
2023-08-12 00:22:19,947 - [test_login.py-->line:51] - ERROR: 用例---密码为数值类型---执行不通过
2023-08-12 00:22:20,223 - [test_recharge.py-->line:68] - INFO: 用例---充值成功---执行通过
2023-08-12 00:22:20,282 - [test_recharge.py-->line:70] - ERROR: 用例---充值金额为负数---执行失败
2023-08-12 00:22:20,436 - [test_recharge.py-->line:68] - INFO: 用例---充值金额为小数2位---执行通过
2023-08-12 00:22:20,494 - [test_recharge.py-->line:68] - INFO: 用例---充值金额为小数3位---执行通过
2023-08-12 00:22:20,573 - [test_recharge.py-->line:70] - ERROR: 用例---充值金额为0---执行失败
2023-08-12 00:22:20,738 - [test_recharge.py-->line:68] - INFO: 用例---充值金额为字符串---执行通过
2023-08-12 00:22:20,794 - [test_recharge.py-->line:70] - ERROR: 用例---充值金额为空---执行失败
2023-08-12 00:22:20,941 - [test_recharge.py-->line:68] - INFO: 用例---充值金额等于50万---执行通过
2023-08-12 00:22:21,000 - [test_recharge.py-->line:70] - ERROR: 用例---充值金额大于50万---执行失败
2023-08-12 00:22:21,073 - [test_recharge.py-->line:70] - ERROR: 用例---用户id为空---执行失败
2023-08-12 00:22:21,242 - [test_recharge.py-->line:68] - INFO: 用例---用户id为字符串---执行通过
2023-08-12 00:22:21,524 - [test_register.py-->line:62] - INFO: 用例---注册成功---执行通过
2023-08-12 00:22:21,658 - [test_register.py-->line:62] - INFO: 用例---密码小于8位数---执行通过
2023-08-12 00:22:21,922 - [test_register.py-->line:62] - INFO: 用例---密码8位数---执行通过
2023-08-12 00:22:22,193 - [test_register.py-->line:62] - INFO: 用例---密码16位数---执行通过
2023-08-12 00:22:22,341 - [test_register.py-->line:62] - INFO: 用例---密码17位数---执行通过
2023-08-12 00:22:22,485 - [test_register.py-->line:62] - INFO: 用例---密码为空---执行通过
2023-08-12 00:22:22,666 - [test_register.py-->line:64] - ERROR: 用例---密码为数值类型---执行失败
2023-08-12 00:22:22,718 - [test_register.py-->line:62] - INFO: 用例---手机号码为空---执行通过
2023-08-12 00:22:22,764 - [test_register.py-->line:62] - INFO: 用例---手机号码12位数---执行通过
2023-08-12 00:22:22,805 - [test_register.py-->line:62] - INFO: 用例---手机号为非数字---执行通过
2023-08-12 00:22:22,847 - [test_register.py-->line:62] - INFO: 用例---手机号9位数字---执行通过
2023-08-12 00:22:22,932 - [test_register.py-->line:62] - INFO: 用例---手机号已注册---执行通过
2023-08-12 00:22:23,186 - [test_register.py-->line:62] - INFO: 用例---类型为0---执行通过
2023-08-12 00:22:23,447 - [test_register.py-->line:62] - INFO: 用例---类型为1---执行通过
2023-08-12 00:22:23,713 - [test_register.py-->line:62] - INFO: 用例---类型为空---执行通过
2023-08-12 00:22:23,896 - [test_register.py-->line:64] - ERROR: 用例---类型为字符串---执行失败
2023-08-12 00:22:24,154 - [test_register.py-->line:62] - INFO: 用例---注册名为空---执行通过
2023-08-12 00:22:24,344 - [test_register.py-->line:64] - ERROR: 用例---注册名数值类型---执行失败
2023-08-12 00:22:24,616 - [test_register.py-->line:62] - INFO: 用例---注册名为9位---执行通过
2023-08-12 00:22:24,893 - [test_register.py-->line:62] - INFO: 用例---注册名为10位---执行通过
2023-08-12 00:22:25,043 - [test_register.py-->line:62] - INFO: 用例---注册名为11位---执行通过
2023-08-12 00:22:25,313 - [test_withdraw.py-->line:72] - INFO: 用例---提现金额小于余额---执行通过
2023-08-12 00:22:25,449 - [test_withdraw.py-->line:72] - INFO: 用例---提现金额为小数后两位---执行通过
2023-08-12 00:22:25,516 - [test_withdraw.py-->line:74] - ERROR: 用例---提现金额为0---执行失败
2023-08-12 00:22:25,585 - [test_withdraw.py-->line:74] - ERROR: 用例---提现金额为负数---执行失败
2023-08-12 00:22:25,624 - [test_withdraw.py-->line:74] - ERROR: 用例---提现金额大于50万---执行失败
2023-08-12 00:22:25,662 - [test_withdraw.py-->line:72] - INFO: 用例---提现金额大于余额---执行通过
2023-08-12 00:23:54,575 - [test_login.py-->line:55] - INFO: 用例---登录成功---执行通过
2023-08-12 00:23:54,630 - [test_login.py-->line:55] - INFO: 用例---密码为空---执行通过
2023-08-12 00:23:54,701 - [test_login.py-->line:55] - INFO: 用例---账号为空---执行通过
2023-08-12 00:23:54,800 - [test_login.py-->line:55] - INFO: 用例---密码错误---执行通过
2023-08-12 00:23:54,983 - [test_login.py-->line:55] - INFO: 用例---账号错误---执行通过
2023-08-12 00:23:55,041 - [test_login.py-->line:55] - INFO: 用例---手机号和密码都为空---执行通过
2023-08-12 00:23:55,152 - [test_login.py-->line:51] - ERROR: 用例---手机号为数值类型---执行不通过
2023-08-12 00:23:55,258 - [test_login.py-->line:51] - ERROR: 用例---密码为数值类型---执行不通过
2023-08-12 00:23:55,511 - [test_recharge.py-->line:68] - INFO: 用例---充值成功---执行通过
2023-08-12 00:23:55,575 - [test_recharge.py-->line:70] - ERROR: 用例---充值金额为负数---执行失败
2023-08-12 00:23:55,710 - [test_recharge.py-->line:68] - INFO: 用例---充值金额为小数2位---执行通过
2023-08-12 00:23:55,764 - [test_recharge.py-->line:68] - INFO: 用例---充值金额为小数3位---执行通过
2023-08-12 00:23:55,841 - [test_recharge.py-->line:70] - ERROR: 用例---充值金额为0---执行失败
2023-08-12 00:23:55,996 - [test_recharge.py-->line:68] - INFO: 用例---充值金额为字符串---执行通过
2023-08-12 00:23:56,065 - [test_recharge.py-->line:70] - ERROR: 用例---充值金额为空---执行失败
2023-08-12 00:23:56,193 - [test_recharge.py-->line:68] - INFO: 用例---充值金额等于50万---执行通过
2023-08-12 00:23:56,247 - [test_recharge.py-->line:70] - ERROR: 用例---充值金额大于50万---执行失败
2023-08-12 00:23:56,297 - [test_recharge.py-->line:68] - INFO: 用例---用户id为空---执行通过
2023-08-12 00:23:56,419 - [test_recharge.py-->line:68] - INFO: 用例---用户id为字符串---执行通过
2023-08-12 00:23:56,682 - [test_register.py-->line:62] - INFO: 用例---注册成功---执行通过
2023-08-12 00:23:56,820 - [test_register.py-->line:62] - INFO: 用例---密码小于8位数---执行通过
2023-08-12 00:23:57,099 - [test_register.py-->line:62] - INFO: 用例---密码8位数---执行通过
2023-08-12 00:23:57,370 - [test_register.py-->line:62] - INFO: 用例---密码16位数---执行通过
2023-08-12 00:23:57,494 - [test_register.py-->line:62] - INFO: 用例---密码17位数---执行通过
2023-08-12 00:23:57,635 - [test_register.py-->line:62] - INFO: 用例---密码为空---执行通过
2023-08-12 00:23:57,810 - [test_register.py-->line:64] - ERROR: 用例---密码为数值类型---执行失败
2023-08-12 00:23:57,861 - [test_register.py-->line:62] - INFO: 用例---手机号码为空---执行通过
2023-08-12 00:23:57,901 - [test_register.py-->line:62] - INFO: 用例---手机号码12位数---执行通过
2023-08-12 00:23:57,952 - [test_register.py-->line:62] - INFO: 用例---手机号为非数字---执行通过
2023-08-12 00:23:58,006 - [test_register.py-->line:62] - INFO: 用例---手机号9位数字---执行通过
2023-08-12 00:23:58,091 - [test_register.py-->line:62] - INFO: 用例---手机号已注册---执行通过
2023-08-12 00:23:58,340 - [test_register.py-->line:62] - INFO: 用例---类型为0---执行通过
2023-08-12 00:23:58,624 - [test_register.py-->line:62] - INFO: 用例---类型为1---执行通过
2023-08-12 00:23:58,889 - [test_register.py-->line:62] - INFO: 用例---类型为空---执行通过
2023-08-12 00:23:59,077 - [test_register.py-->line:64] - ERROR: 用例---类型为字符串---执行失败
2023-08-12 00:23:59,347 - [test_register.py-->line:62] - INFO: 用例---注册名为空---执行通过
2023-08-12 00:23:59,522 - [test_register.py-->line:64] - ERROR: 用例---注册名数值类型---执行失败
2023-08-12 00:23:59,761 - [test_register.py-->line:62] - INFO: 用例---注册名为9位---执行通过
2023-08-12 00:24:00,008 - [test_register.py-->line:62] - INFO: 用例---注册名为10位---执行通过
2023-08-12 00:24:00,133 - [test_register.py-->line:62] - INFO: 用例---注册名为11位---执行通过
2023-08-12 00:24:00,373 - [test_withdraw.py-->line:72] - INFO: 用例---提现金额小于余额---执行通过
2023-08-12 00:24:00,526 - [test_withdraw.py-->line:72] - INFO: 用例---提现金额为小数后两位---执行通过
2023-08-12 00:24:00,600 - [test_withdraw.py-->line:74] - ERROR: 用例---提现金额为0---执行失败
2023-08-12 00:24:00,661 - [test_withdraw.py-->line:74] - ERROR: 用例---提现金额为负数---执行失败
2023-08-12 00:24:00,715 - [test_withdraw.py-->line:74] - ERROR: 用例---提现金额大于50万---执行失败
2023-08-12 00:24:00,770 - [test_withdraw.py-->line:72] - INFO: 用例---提现金额大于余额---执行通过
